<?xml version="1.0" encoding="UTF-8"?>
<!-- Generated by org.testng.reporters.JUnitReportReporter -->
<testsuite hostname="LPT-0919" failures="0" tests="1" name="com.ae.qa.testcases.LoginPageTest" time="13.449" errors="0" timestamp="25 Aug 2021 11:41:55 GMT" skipped="0">
  <testcase classname="com.ae.qa.testcases.LoginPageTest" name="ValidateLoginWithResetPswdTest" time="13.449"/>
</testsuite> <!-- com.ae.qa.testcases.LoginPageTest -->
