<?xml version="1.0" encoding="UTF-8"?>
<!-- Generated by org.testng.reporters.JUnitReportReporter -->
<testsuite hostname="LPT-0919" failures="0" tests="1" name="com.ae.qa.testcasesTenantAdmin.UserGroupsPageTestTA" time="37.389" errors="0" timestamp="09 Feb 2022 09:32:42 GMT" skipped="0">
  <testcase classname="com.ae.qa.testcasesTenantAdmin.UserGroupsPageTestTA" name="validateCreateUserGroup" time="37.389"/>
</testsuite> <!-- com.ae.qa.testcasesTenantAdmin.UserGroupsPageTestTA -->
