<?xml version="1.0" encoding="UTF-8"?>
<!-- Generated by org.testng.reporters.JUnitReportReporter -->
<testsuite hostname="LPT-0919" failures="0" tests="1" name="com.ae.qa.testcasesTenantAdmin.CataloguePageTestTA" time="12.086" errors="0" timestamp="29 Dec 2021 07:36:25 GMT" skipped="0">
  <testcase classname="com.ae.qa.testcasesTenantAdmin.CataloguePageTestTA" name="validateCataloguePageTATest" time="12.086"/>
</testsuite> <!-- com.ae.qa.testcasesTenantAdmin.CataloguePageTestTA -->
