<?xml version="1.0" encoding="UTF-8"?>
<!-- Generated by org.testng.reporters.JUnitReportReporter -->
<testsuite hostname="DESKTOP-5VHKQUJ" failures="0" tests="1" name="com.ae.qa.testcases.IntegrationTypesPageTest" time="306.334" errors="0" timestamp="21 Apr 2022 07:10:25 GMT" skipped="0">
  <testcase classname="com.ae.qa.testcases.IntegrationTypesPageTest" name="validateAddIntegrationTypesTest" time="306.334"/>
</testsuite> <!-- com.ae.qa.testcases.IntegrationTypesPageTest -->
