<?xml version="1.0" encoding="UTF-8"?>
<!-- Generated by org.testng.reporters.JUnitReportReporter -->
<testsuite hostname="DESKTOP-5VHKQUJ" failures="0" tests="1" name="com.ae.qa.testcasesTenantAdmin.AgentListPageTestTA" time="59.294" errors="0" timestamp="25 Apr 2022 07:15:56 GMT" skipped="0">
  <testcase classname="com.ae.qa.testcasesTenantAdmin.AgentListPageTestTA" name="validateDeleteAssistedAgent" time="59.294"/>
</testsuite> <!-- com.ae.qa.testcasesTenantAdmin.AgentListPageTestTA -->
