<?xml version="1.0" encoding="UTF-8"?>
<!-- Generated by org.testng.reporters.JUnitReportReporter -->
<testsuite hostname="LPT-0919" failures="0" tests="1" name="com.ae.qa.testcases.SysadminPolicyPageTest" time="12.822" errors="0" timestamp="23 Sep 2021 05:19:17 GMT" skipped="0">
  <testcase classname="com.ae.qa.testcases.SysadminPolicyPageTest" name="validateSysadminPolicyPageTest" time="12.822"/>
</testsuite> <!-- com.ae.qa.testcases.SysadminPolicyPageTest -->
