<?xml version="1.0" encoding="UTF-8"?>
<!-- Generated by org.testng.reporters.JUnitReportReporter -->
<testsuite hostname="LPT-0919" failures="0" tests="1" name="com.ae.qa.testcasesTenantAdmin.SmtpPageTestTA" time="15.322" errors="0" timestamp="06 Jan 2022 08:40:23 GMT" skipped="0">
  <testcase classname="com.ae.qa.testcasesTenantAdmin.SmtpPageTestTA" name="validateSMTPPageTATest" time="15.322"/>
</testsuite> <!-- com.ae.qa.testcasesTenantAdmin.SmtpPageTestTA -->
