<?xml version="1.0" encoding="UTF-8"?>
<!-- Generated by org.testng.reporters.JUnitReportReporter -->
<testsuite hostname="DESKTOP-5VHKQUJ" failures="0" tests="1" name="com.ae.qa.testcases.SmtpPageTest" time="25.220" errors="0" timestamp="07 Apr 2022 04:48:19 GMT" skipped="0">
  <testcase classname="com.ae.qa.testcases.SmtpPageTest" name="validateSMTPPageTest" time="25.220"/>
</testsuite> <!-- com.ae.qa.testcases.SmtpPageTest -->
