<?xml version="1.0" encoding="UTF-8"?>
<!-- Generated by org.testng.reporters.JUnitReportReporter -->
<testsuite hostname="DESKTOP-5VHKQUJ" failures="0" tests="4" name="com.ae.qa.testcases.TenantsPageTest" time="104.905" errors="0" timestamp="29 Mar 2022 09:42:45 GMT" skipped="0">
  <testcase classname="com.ae.qa.testcases.TenantsPageTest" name="validateAddNewTenant" time="34.194"/>
  <testcase classname="com.ae.qa.testcases.TenantsPageTest" name="validateaddNewTenantsWithDuplicateOrgCode" time="23.975"/>
  <testcase classname="com.ae.qa.testcases.TenantsPageTest" name="verifyLicenseInfoTest" time="20.813"/>
  <testcase classname="com.ae.qa.testcases.TenantsPageTest" name="validateTenantsPageTest" time="25.923"/>
</testsuite> <!-- com.ae.qa.testcases.TenantsPageTest -->
