<?xml version="1.0" encoding="UTF-8"?>
<!-- Generated by org.testng.reporters.JUnitReportReporter -->
<testsuite hostname="DESKTOP-5VHKQUJ" failures="0" tests="1" name="com.ae.qa.testcases.SystemUsersPageTest" time="69.758" errors="0" timestamp="12 Apr 2022 05:07:54 GMT" skipped="0">
  <testcase classname="com.ae.qa.testcases.SystemUsersPageTest" name="creatingTenantLicenseAdminTest" time="69.758"/>
</testsuite> <!-- com.ae.qa.testcases.SystemUsersPageTest -->
