<?xml version="1.0" encoding="UTF-8"?>
<!-- Generated by org.testng.reporters.JUnitReportReporter -->
<testsuite hostname="LPT-0919" failures="0" tests="1" name="com.ae.qa.testcasesTenantAdmin.LDAPPageTestTA" time="15.399" errors="0" timestamp="06 Jan 2022 08:47:14 GMT" skipped="0">
  <testcase classname="com.ae.qa.testcasesTenantAdmin.LDAPPageTestTA" name="validateLDAPPageTATest" time="15.399"/>
</testsuite> <!-- com.ae.qa.testcasesTenantAdmin.LDAPPageTestTA -->
