<?xml version="1.0" encoding="UTF-8"?>
<!-- Generated by org.testng.reporters.JUnitReportReporter -->
<testsuite hostname="DESKTOP-5VHKQUJ" failures="0" tests="1" name="com.ae.qa.testcases.TenantUsersPageTest" time="36.816" errors="0" timestamp="07 Apr 2022 04:46:47 GMT" skipped="0">
  <testcase classname="com.ae.qa.testcases.TenantUsersPageTest" name="validateTenantUsersPageTest" time="36.816"/>
</testsuite> <!-- com.ae.qa.testcases.TenantUsersPageTest -->
