<?xml version="1.0" encoding="UTF-8"?>
<!-- Generated by org.testng.reporters.JUnitReportReporter -->
<testsuite hostname="DESKTOP-5VHKQUJ" failures="0" tests="1" name="com.ae.qa.testcases.FileManagementPageTest" time="34.183" errors="0" timestamp="10 Apr 2022 09:00:12 GMT" skipped="0">
  <testcase classname="com.ae.qa.testcases.FileManagementPageTest" name="validateFileManagmentPageTest" time="34.183"/>
</testsuite> <!-- com.ae.qa.testcases.FileManagementPageTest -->
