<?xml version="1.0" encoding="UTF-8"?>
<!-- Generated by org.testng.reporters.JUnitReportReporter -->
<testsuite hostname="LPT-0919" failures="0" tests="1" name="com.ae.qa.testcases.PluginAssignmentsPageTest" time="13.041" errors="0" timestamp="22 Sep 2021 09:50:45 GMT" skipped="0">
  <testcase classname="com.ae.qa.testcases.PluginAssignmentsPageTest" name="validatePluginAssignmentsPageTest" time="13.041"/>
</testsuite> <!-- com.ae.qa.testcases.PluginAssignmentsPageTest -->
