<?xml version="1.0" encoding="UTF-8"?>
<!-- Generated by org.testng.reporters.JUnitReportReporter -->
<testsuite hostname="LPT-0919" failures="0" tests="1" name="com.ae.qa.testcasesTenantAdmin.WorkflowAssignmentPageTestTA" time="14.712" errors="0" timestamp="29 Dec 2021 05:50:32 GMT" skipped="0">
  <testcase classname="com.ae.qa.testcasesTenantAdmin.WorkflowAssignmentPageTestTA" name="validateWorkflowAssignmentPageTATest" time="14.712"/>
</testsuite> <!-- com.ae.qa.testcasesTenantAdmin.WorkflowAssignmentPageTestTA -->
