<?xml version="1.0" encoding="UTF-8"?>
<!-- Generated by org.testng.reporters.JUnitReportReporter -->
<testsuite hostname="LPT-0919" failures="0" tests="1" name="com.ae.qa.testcasesTenantAdmin.RequestsPageTestTA" time="12.317" errors="0" timestamp="29 Dec 2021 09:21:36 GMT" skipped="0">
  <testcase classname="com.ae.qa.testcasesTenantAdmin.RequestsPageTestTA" name="validateRequestsPageTATest" time="12.317"/>
</testsuite> <!-- com.ae.qa.testcasesTenantAdmin.RequestsPageTestTA -->
