<?xml version="1.0" encoding="UTF-8"?>
<!-- Generated by org.testng.reporters.JUnitReportReporter -->
<testsuite hostname="DESKTOP-5VHKQUJ" failures="0" tests="6" name="com.ae.qa.testcases.SecurityQuestionsPageTest" time="195.853" errors="0" timestamp="08 Apr 2022 13:52:40 GMT" skipped="0">
  <testcase classname="com.ae.qa.testcases.SecurityQuestionsPageTest" name="validateSkipQuesTest" time="26.730"/>
  <testcase classname="com.ae.qa.testcases.SecurityQuestionsPageTest" name="validateSecurityQuesTest" time="37.568"/>
  <testcase classname="com.ae.qa.testcases.SecurityQuestionsPageTest" name="validateUpdatingSecQuesWithWrongPswdTest" time="33.742"/>
  <testcase classname="com.ae.qa.testcases.SecurityQuestionsPageTest" name="validateUpdatingSecurityQuesTest" time="30.683"/>
  <testcase classname="com.ae.qa.testcases.SecurityQuestionsPageTest" name="validateSkipThenSetQuesTest" time="45.820"/>
  <testcase classname="com.ae.qa.testcases.SecurityQuestionsPageTest" name="validateSecurityQuestionsPageTest" time="21.310"/>
</testsuite> <!-- com.ae.qa.testcases.SecurityQuestionsPageTest -->
