<?xml version="1.0" encoding="UTF-8"?>
<!-- Generated by org.testng.reporters.JUnitReportReporter -->
<testsuite hostname="LPT-0919" failures="0" tests="1" name="com.ae.qa.testcasesTenantAdmin.AgentLogsPageTestTA" time="14.658" errors="0" timestamp="29 Dec 2021 11:56:11 GMT" skipped="0">
  <testcase classname="com.ae.qa.testcasesTenantAdmin.AgentLogsPageTestTA" name="validateAgentLogsPageTATest" time="14.658"/>
</testsuite> <!-- com.ae.qa.testcasesTenantAdmin.AgentLogsPageTestTA -->
