<?xml version="1.0" encoding="UTF-8"?>
<!-- Generated by org.testng.reporters.JUnitReportReporter -->
<testsuite hostname="LPT-0919" failures="0" tests="5" name="com.ae.qa.testcasesTenantAdmin.AuditLogsPageTestTA" time="106.647" errors="0" timestamp="29 Dec 2021 11:55:03 GMT" skipped="0">
  <testcase classname="com.ae.qa.testcasesTenantAdmin.AuditLogsPageTestTA" name="validatedownloadingAuditLogsTA" time="31.857"/>
  <testcase classname="com.ae.qa.testcasesTenantAdmin.AuditLogsPageTestTA" name="validatecheckColumnsInAuditLogsTA" time="22.994"/>
  <testcase classname="com.ae.qa.testcasesTenantAdmin.AuditLogsPageTestTA" name="validatedeselectAllInAuditLogsTA" time="19.295"/>
  <testcase classname="com.ae.qa.testcasesTenantAdmin.AuditLogsPageTestTA" name="verifySpecificColumnTestTA" time="20.026"/>
  <testcase classname="com.ae.qa.testcasesTenantAdmin.AuditLogsPageTestTA" name="validateAuditLogsPageTATest" time="12.475"/>
</testsuite> <!-- com.ae.qa.testcasesTenantAdmin.AuditLogsPageTestTA -->
