<?xml version="1.0" encoding="UTF-8"?>
<!-- Generated by org.testng.reporters.JUnitReportReporter -->
<testsuite hostname="DESKTOP-5VHKQUJ" failures="0" tests="1" name="com.ae.qa.testcasesTenantAdmin.EmailNotificationPageTestTA" time="75.800" errors="0" timestamp="19 Apr 2022 11:30:26 GMT" skipped="0">
  <testcase classname="com.ae.qa.testcasesTenantAdmin.EmailNotificationPageTestTA" name="validateEmailNotificationWFEnableOn" time="75.800"/>
</testsuite> <!-- com.ae.qa.testcasesTenantAdmin.EmailNotificationPageTestTA -->
