<?xml version="1.0" encoding="UTF-8"?>
<!-- Generated by org.testng.reporters.JUnitReportReporter -->
<testsuite hostname="LPT-0919" failures="0" tests="1" name="com.ae.qa.testcases.HomePageTest" time="14.744" errors="0" timestamp="28 Dec 2021 07:00:19 GMT" skipped="0">
  <testcase classname="com.ae.qa.testcases.HomePageTest" name="validateSearchFunctionalityTest" time="14.744"/>
</testsuite> <!-- com.ae.qa.testcases.HomePageTest -->
