<?xml version="1.0" encoding="UTF-8"?>
<!-- Generated by org.testng.reporters.JUnitReportReporter -->
<testsuite hostname="DESKTOP-5VHKQUJ" failures="0" tests="1" name="com.ae.qa.testcasesTenantAdmin.AboutTabTestTA" time="41.470" errors="0" timestamp="24 Feb 2022 12:44:20 GMT" skipped="0">
  <testcase classname="com.ae.qa.testcasesTenantAdmin.AboutTabTestTA" name="AboutTabTest" time="41.470"/>
</testsuite> <!-- com.ae.qa.testcasesTenantAdmin.AboutTabTestTA -->
