<?xml version="1.0" encoding="UTF-8"?>
<!-- Generated by org.testng.reporters.JUnitReportReporter -->
<testsuite hostname="DESKTOP-5VHKQUJ" failures="0" tests="1" name="com.ae.qa.testcases.InformationPageTest" time="44.852" errors="0" timestamp="06 Apr 2022 08:46:57 GMT" skipped="0">
  <testcase classname="com.ae.qa.testcases.InformationPageTest" name="validateAboutTabTest" time="44.852"/>
</testsuite> <!-- com.ae.qa.testcases.InformationPageTest -->
