<?xml version="1.0" encoding="UTF-8"?>
<!-- Generated by org.testng.reporters.JUnitReportReporter -->
<testsuite hostname="DESKTOP-5VHKQUJ" failures="0" tests="1" name="com.ae.qa.testcasesTenantAdmin.InformationPageTestTA" time="157.404" errors="0" timestamp="06 Apr 2022 08:22:15 GMT" skipped="0">
  <testcase classname="com.ae.qa.testcasesTenantAdmin.InformationPageTestTA" name="AboutTabTest" time="157.404"/>
</testsuite> <!-- com.ae.qa.testcasesTenantAdmin.InformationPageTestTA -->
