<?xml version="1.0" encoding="UTF-8"?>
<!-- Generated by org.testng.reporters.JUnitReportReporter -->
<testsuite hostname="DESKTOP-5VHKQUJ" failures="0" tests="5" name="com.ae.qa.testcases.IntegrationServicePageTest" time="227.042" errors="0" timestamp="07 Apr 2022 05:11:34 GMT" skipped="0">
  <testcase classname="com.ae.qa.testcases.IntegrationServicePageTest" name="validateAddIntegrationServicesTest" time="95.608"/>
  <testcase classname="com.ae.qa.testcases.IntegrationServicePageTest" name="validateEditIntegrationServicesTest" time="33.542"/>
  <testcase classname="com.ae.qa.testcases.IntegrationServicePageTest" name="validateDownloadIntegrationServicesTest" time="22.194"/>
  <testcase classname="com.ae.qa.testcases.IntegrationServicePageTest" name="validateEnableIntForMultipleTATest" time="55.310"/>
  <testcase classname="com.ae.qa.testcases.IntegrationServicePageTest" name="validateIntegrationServicesPageTest" time="20.388"/>
</testsuite> <!-- com.ae.qa.testcases.IntegrationServicePageTest -->
