<?xml version="1.0" encoding="UTF-8"?>
<!-- Generated by org.testng.reporters.JUnitReportReporter -->
<testsuite hostname="DESKTOP-5VHKQUJ" failures="0" tests="1" name="com.ae.qa.testcases.PurgePolicyPageTest" time="27.009" errors="0" timestamp="07 Apr 2022 04:42:30 GMT" skipped="0">
  <testcase classname="com.ae.qa.testcases.PurgePolicyPageTest" name="validatePurgePolicyPageTest" time="27.009"/>
</testsuite> <!-- com.ae.qa.testcases.PurgePolicyPageTest -->
